#
# There is insufficient memory for the Java Runtime Environment to continue.
# Native memory allocation (malloc) failed to allocate 910496 bytes for Chunk::new
# Possible reasons:
#   The system is out of physical RAM or swap space
#   The process is running with CompressedOops enabled, and the Java Heap may be blocking the growth of the native heap
# Possible solutions:
#   Reduce memory load on the system
#   Increase physical memory or swap space
#   Check if swap backing store is full
#   Decrease Java heap size (-Xmx/-Xms)
#   Decrease number of Java threads
#   Decrease Java thread stack sizes (-Xss)
#   Set larger code cache with -XX:ReservedCodeCacheSize=
#   JVM is running with Unscaled Compressed Oops mode in which the Java heap is
#     placed in the first 4GB address space. The Java Heap base address is the
#     maximum limit for the native heap growth. Please use -XX:HeapBaseMinAddress
#     to set the Java Heap base and to place the Java Heap above 4GB virtual address.
# This output file may be truncated or incomplete.
#
#  Out of Memory Error (allocation.cpp:389), pid=1168, tid=0x0000000000002c2c
#
# JRE version: OpenJDK Runtime Environment (8.0_212-b04) (build 1.8.0_212-release-1586-b04)
# Java VM: OpenJDK 64-Bit Server VM (25.212-b04 mixed mode windows-amd64 compressed oops)
# Failed to write core dump. Minidumps are not enabled by default on client versions of Windows
#

---------------  T H R E A D  ---------------

Current thread (0x0000000015bb8000):  JavaThread "C2 CompilerThread0" daemon [_thread_in_native, id=11308, stack(0x0000000017220000,0x0000000017320000)]

Stack: [0x0000000017220000,0x0000000017320000]
[error occurred during error reporting (printing stack bounds), id 0xc0000005]

Native frames: (J=compiled Java code, j=interpreted, Vv=VM code, C=native code)


Current CompileTask:
C2:   3752 1501   !   4       java.net.URLClassLoader$1::run (63 bytes)


---------------  P R O C E S S  ---------------

Java Threads: ( => current thread )
  0x0000000018c6d000 JavaThread "Cache worker for journal cache (C:\Users\DELL\.gradle\caches\journal-1)" [_thread_blocked, id=11412, stack(0x000000001ba40000,0x000000001bb40000)]
  0x0000000018c6e800 JavaThread "File lock request listener" [_thread_in_native, id=7064, stack(0x000000001b940000,0x000000001ba40000)]
  0x0000000018c6e000 JavaThread "Cache worker for file hash cache (C:\Users\DELL\.gradle\caches\5.6.4\fileHashes)" [_thread_blocked, id=7856, stack(0x000000001b840000,0x000000001b940000)]
  0x00000000196e7000 JavaThread "Thread-9" [_thread_blocked, id=4380, stack(0x000000001b540000,0x000000001b640000)]
  0x00000000196cc000 JavaThread "Stdin handler" [_thread_blocked, id=3540, stack(0x000000001b440000,0x000000001b540000)]
  0x00000000196c9800 JavaThread "Asynchronous log dispatcher for DefaultDaemonConnection: socket connection from /127.0.0.1:52234 to /127.0.0.1:52235" [_thread_blocked, id=2896, stack(0x000000001b340000,0x000000001b440000)]
  0x0000000019722800 JavaThread "Daemon worker" [_thread_in_vm, id=12320, stack(0x000000001b240000,0x000000001b340000)]
  0x0000000019724000 JavaThread "Cancel handler" [_thread_blocked, id=9128, stack(0x000000001b140000,0x000000001b240000)]
  0x000000001965f800 JavaThread "Handler for socket connection from /127.0.0.1:52234 to /127.0.0.1:52235" [_thread_in_native, id=12408, stack(0x000000001ae40000,0x000000001af40000)]
  0x0000000019653800 JavaThread "Daemon" [_thread_blocked, id=4132, stack(0x000000001ad40000,0x000000001ae40000)]
  0x000000001961e800 JavaThread "Daemon periodic checks" [_thread_blocked, id=5716, stack(0x000000001ac40000,0x000000001ad40000)]
  0x000000001961c800 JavaThread "Incoming local TCP Connector on port 52234" [_thread_in_native, id=9596, stack(0x000000001aa00000,0x000000001ab00000)]
  0x0000000017874800 JavaThread "Daemon health stats" [_thread_blocked, id=2912, stack(0x000000001a3c0000,0x000000001a4c0000)]
  0x000000001753a000 JavaThread "Service Thread" daemon [_thread_blocked, id=6240, stack(0x0000000017920000,0x0000000017a20000)]
  0x0000000015be8800 JavaThread "C1 CompilerThread2" daemon [_thread_blocked, id=6600, stack(0x0000000017420000,0x0000000017520000)]
  0x0000000015bbc800 JavaThread "C2 CompilerThread1" daemon [_thread_in_native, id=12580, stack(0x0000000017320000,0x0000000017420000)]
=>0x0000000015bb8000 JavaThread "C2 CompilerThread0" daemon [_thread_in_native, id=11308, stack(0x0000000017220000,0x0000000017320000)]
  0x0000000015bc5800 JavaThread "Attach Listener" daemon [_thread_blocked, id=7800, stack(0x0000000017120000,0x0000000017220000)]
  0x0000000015bc4800 JavaThread "Signal Dispatcher" daemon [_thread_blocked, id=8548, stack(0x0000000017020000,0x0000000017120000)]
  0x0000000015ba9000 JavaThread "Finalizer" daemon [_thread_blocked, id=12632, stack(0x0000000016e20000,0x0000000016f20000)]
  0x0000000002241000 JavaThread "Reference Handler" daemon [_thread_blocked, id=2500, stack(0x0000000016d20000,0x0000000016e20000)]
  0x000000000054d800 JavaThread "main" [_thread_blocked, id=180, stack(0x00000000008a0000,0x00000000009a0000)]

Other Threads:
  0x0000000015b86800 VMThread [stack: 0x0000000016c20000,0x0000000016d20000] [id=1856]
  0x000000001753a800 WatcherThread [stack: 0x0000000017a20000,0x0000000017b20000] [id=14128]

VM state:not at safepoint (normal execution)

VM Mutex/Monitor currently owned by a thread: None

heap address: 0x00000000a0000000, size: 1536 MB, Compressed Oops mode: 32-bit
Narrow klass base: 0x0000000000000000, Narrow klass shift: 3
Compressed class space size: 1073741824 Address: 0x0000000100000000

Heap:
 PSYoungGen      total 38400K, used 13124K [0x00000000e0000000, 0x00000000e2a80000, 0x0000000100000000)
  eden space 33280K, 24% used [0x00000000e0000000,0x00000000e07d93d0,0x00000000e2080000)
  from space 5120K, 99% used [0x00000000e2580000,0x00000000e2a78020,0x00000000e2a80000)
  to   space 5120K, 0% used [0x00000000e2080000,0x00000000e2080000,0x00000000e2580000)
 ParOldGen       total 87552K, used 3879K [0x00000000a0000000, 0x00000000a5580000, 0x00000000e0000000)
  object space 87552K, 4% used [0x00000000a0000000,0x00000000a03c9f48,0x00000000a5580000)
 Metaspace       used 15526K, capacity 15970K, committed 16256K, reserved 1062912K
  class space    used 2192K, capacity 2371K, committed 2432K, reserved 1048576K

Card table byte_map: [0x0000000011610000,0x0000000011920000] byte_map_base: 0x0000000011110000

Marking Bits: (ParMarkBitMap*) 0x0000000066069f30
 Begin Bits: [0x0000000011f20000, 0x0000000013720000)
 End Bits:   [0x0000000013720000, 0x0000000014f20000)

Polling page: 0x0000000000500000

CodeCache: size=245760Kb used=5439Kb max_used=5439Kb free=240320Kb
 bounds [0x0000000002250000, 0x00000000027b0000, 0x0000000011250000]
 total_blobs=1919 nmethods=1528 adapters=304
 compilation: enabled

Compilation events (10 events):
Event: 3.727 Thread 0x0000000015be8800 1526       1       java.lang.Integer::intValue (5 bytes)
Event: 3.727 Thread 0x0000000015be8800 nmethod 1526 0x00000000027a0850 code [0x00000000027a09a0, 0x00000000027a0ab0]
Event: 3.729 Thread 0x0000000015be8800 1528       3       java.lang.invoke.MethodHandle::<init> (35 bytes)
Event: 3.730 Thread 0x0000000015be8800 nmethod 1528 0x00000000027a0b10 code [0x00000000027a0ca0, 0x00000000027a1078]
Event: 3.731 Thread 0x0000000015be8800 1529       3       com.google.common.collect.Hashing::smear (19 bytes)
Event: 3.731 Thread 0x0000000015be8800 nmethod 1529 0x00000000027a1210 code [0x00000000027a1360, 0x00000000027a1530]
Event: 3.735 Thread 0x0000000015be8800 1530       3       java.lang.ClassLoader::addClass (9 bytes)
Event: 3.735 Thread 0x0000000015be8800 nmethod 1530 0x00000000027a15d0 code [0x00000000027a1740, 0x00000000027a1968]
Event: 3.738 Thread 0x0000000015be8800 1531       3       java.nio.HeapByteBuffer::ix (7 bytes)
Event: 3.738 Thread 0x0000000015be8800 nmethod 1531 0x00000000027a1a10 code [0x00000000027a1b60, 0x00000000027a1cb0]

GC Heap History (8 events):
Event: 1.827 GC heap before
{Heap before GC invocations=1 (full 0):
 PSYoungGen      total 38400K, used 33280K [0x00000000e0000000, 0x00000000e2a80000, 0x0000000100000000)
  eden space 33280K, 100% used [0x00000000e0000000,0x00000000e2080000,0x00000000e2080000)
  from space 5120K, 0% used [0x00000000e2580000,0x00000000e2580000,0x00000000e2a80000)
  to   space 5120K, 0% used [0x00000000e2080000,0x00000000e2080000,0x00000000e2580000)
 ParOldGen       total 87552K, used 0K [0x00000000a0000000, 0x00000000a5580000, 0x00000000e0000000)
  object space 87552K, 0% used [0x00000000a0000000,0x00000000a0000000,0x00000000a5580000)
 Metaspace       used 7023K, capacity 7268K, committed 7424K, reserved 1056768K
  class space    used 857K, capacity 940K, committed 1024K, reserved 1048576K
Event: 1.834 GC heap after
Heap after GC invocations=1 (full 0):
 PSYoungGen      total 38400K, used 4372K [0x00000000e0000000, 0x00000000e2a80000, 0x0000000100000000)
  eden space 33280K, 0% used [0x00000000e0000000,0x00000000e0000000,0x00000000e2080000)
  from space 5120K, 85% used [0x00000000e2080000,0x00000000e24c52c8,0x00000000e2580000)
  to   space 5120K, 0% used [0x00000000e2580000,0x00000000e2580000,0x00000000e2a80000)
 ParOldGen       total 87552K, used 8K [0x00000000a0000000, 0x00000000a5580000, 0x00000000e0000000)
  object space 87552K, 0% used [0x00000000a0000000,0x00000000a0002000,0x00000000a5580000)
 Metaspace       used 7023K, capacity 7268K, committed 7424K, reserved 1056768K
  class space    used 857K, capacity 940K, committed 1024K, reserved 1048576K
}
Event: 2.172 GC heap before
{Heap before GC invocations=2 (full 0):
 PSYoungGen      total 38400K, used 37652K [0x00000000e0000000, 0x00000000e2a80000, 0x0000000100000000)
  eden space 33280K, 100% used [0x00000000e0000000,0x00000000e2080000,0x00000000e2080000)
  from space 5120K, 85% used [0x00000000e2080000,0x00000000e24c52c8,0x00000000e2580000)
  to   space 5120K, 0% used [0x00000000e2580000,0x00000000e2580000,0x00000000e2a80000)
 ParOldGen       total 87552K, used 8K [0x00000000a0000000, 0x00000000a5580000, 0x00000000e0000000)
  object space 87552K, 0% used [0x00000000a0000000,0x00000000a0002000,0x00000000a5580000)
 Metaspace       used 7386K, capacity 7582K, committed 7680K, reserved 1056768K
  class space    used 913K, capacity 981K, committed 1024K, reserved 1048576K
Event: 2.176 GC heap after
Heap after GC invocations=2 (full 0):
 PSYoungGen      total 38400K, used 3441K [0x00000000e0000000, 0x00000000e2a80000, 0x0000000100000000)
  eden space 33280K, 0% used [0x00000000e0000000,0x00000000e0000000,0x00000000e2080000)
  from space 5120K, 67% used [0x00000000e2580000,0x00000000e28dc500,0x00000000e2a80000)
  to   space 5120K, 0% used [0x00000000e2080000,0x00000000e2080000,0x00000000e2580000)
 ParOldGen       total 87552K, used 16K [0x00000000a0000000, 0x00000000a5580000, 0x00000000e0000000)
  object space 87552K, 0% used [0x00000000a0000000,0x00000000a0004000,0x00000000a5580000)
 Metaspace       used 7386K, capacity 7582K, committed 7680K, reserved 1056768K
  class space    used 913K, capacity 981K, committed 1024K, reserved 1048576K
}
Event: 3.292 GC heap before
{Heap before GC invocations=3 (full 0):
 PSYoungGen      total 38400K, used 36721K [0x00000000e0000000, 0x00000000e2a80000, 0x0000000100000000)
  eden space 33280K, 100% used [0x00000000e0000000,0x00000000e2080000,0x00000000e2080000)
  from space 5120K, 67% used [0x00000000e2580000,0x00000000e28dc500,0x00000000e2a80000)
  to   space 5120K, 0% used [0x00000000e2080000,0x00000000e2080000,0x00000000e2580000)
 ParOldGen       total 87552K, used 16K [0x00000000a0000000, 0x00000000a5580000, 0x00000000e0000000)
  object space 87552K, 0% used [0x00000000a0000000,0x00000000a0004000,0x00000000a5580000)
 Metaspace       used 12454K, capacity 12814K, committed 13184K, reserved 1060864K
  class space    used 1676K, capacity 1803K, committed 1920K, reserved 1048576K
Event: 3.302 GC heap after
Heap after GC invocations=3 (full 0):
 PSYoungGen      total 38400K, used 5120K [0x00000000e0000000, 0x00000000e2a80000, 0x0000000100000000)
  eden space 33280K, 0% used [0x00000000e0000000,0x00000000e0000000,0x00000000e2080000)
  from space 5120K, 100% used [0x00000000e2080000,0x00000000e2580000,0x00000000e2580000)
  to   space 5120K, 0% used [0x00000000e2580000,0x00000000e2580000,0x00000000e2a80000)
 ParOldGen       total 87552K, used 1504K [0x00000000a0000000, 0x00000000a5580000, 0x00000000e0000000)
  object space 87552K, 1% used [0x00000000a0000000,0x00000000a01781c8,0x00000000a5580000)
 Metaspace       used 12454K, capacity 12814K, committed 13184K, reserved 1060864K
  class space    used 1676K, capacity 1803K, committed 1920K, reserved 1048576K
}
Event: 3.624 GC heap before
{Heap before GC invocations=4 (full 0):
 PSYoungGen      total 38400K, used 38400K [0x00000000e0000000, 0x00000000e2a80000, 0x0000000100000000)
  eden space 33280K, 100% used [0x00000000e0000000,0x00000000e2080000,0x00000000e2080000)
  from space 5120K, 100% used [0x00000000e2080000,0x00000000e2580000,0x00000000e2580000)
  to   space 5120K, 0% used [0x00000000e2580000,0x00000000e2580000,0x00000000e2a80000)
 ParOldGen       total 87552K, used 1504K [0x00000000a0000000, 0x00000000a5580000, 0x00000000e0000000)
  object space 87552K, 1% used [0x00000000a0000000,0x00000000a01781c8,0x00000000a5580000)
 Metaspace       used 14739K, capacity 15096K, committed 15232K, reserved 1062912K
  class space    used 2060K, capacity 2160K, committed 2176K, reserved 1048576K
Event: 3.633 GC heap after
Heap after GC invocations=4 (full 0):
 PSYoungGen      total 38400K, used 5088K [0x00000000e0000000, 0x00000000e2a80000, 0x0000000100000000)
  eden space 33280K, 0% used [0x00000000e0000000,0x00000000e0000000,0x00000000e2080000)
  from space 5120K, 99% used [0x00000000e2580000,0x00000000e2a78020,0x00000000e2a80000)
  to   space 5120K, 0% used [0x00000000e2080000,0x00000000e2080000,0x00000000e2580000)
 ParOldGen       total 87552K, used 3879K [0x00000000a0000000, 0x00000000a5580000, 0x00000000e0000000)
  object space 87552K, 4% used [0x00000000a0000000,0x00000000a03c9f48,0x00000000a5580000)
 Metaspace       used 14739K, capacity 15096K, committed 15232K, reserved 1062912K
  class space    used 2060K, capacity 2160K, committed 2176K, reserved 1048576K
}

Deoptimization events (10 events):
Event: 3.209 Thread 0x0000000019722800 Uncommon trap: reason=class_check action=maybe_recompile pc=0x000000000248eea8 method=java.util.HashMap.putVal(ILjava/lang/Object;Ljava/lang/Object;ZZ)Ljava/lang/Object; @ 203
Event: 3.209 Thread 0x0000000019722800 Uncommon trap: reason=bimorphic action=maybe_recompile pc=0x000000000248ee5c method=java.util.HashMap.putVal(ILjava/lang/Object;Ljava/lang/Object;ZZ)Ljava/lang/Object; @ 253
Event: 3.209 Thread 0x0000000019722800 Uncommon trap: reason=bimorphic action=maybe_recompile pc=0x000000000248ee5c method=java.util.HashMap.putVal(ILjava/lang/Object;Ljava/lang/Object;ZZ)Ljava/lang/Object; @ 253
Event: 3.209 Thread 0x0000000019722800 Uncommon trap: reason=bimorphic action=maybe_recompile pc=0x000000000248ee5c method=java.util.HashMap.putVal(ILjava/lang/Object;Ljava/lang/Object;ZZ)Ljava/lang/Object; @ 253
Event: 3.209 Thread 0x0000000019722800 Uncommon trap: reason=bimorphic action=maybe_recompile pc=0x000000000248ee5c method=java.util.HashMap.putVal(ILjava/lang/Object;Ljava/lang/Object;ZZ)Ljava/lang/Object; @ 253
Event: 3.210 Thread 0x0000000019722800 Uncommon trap: reason=bimorphic action=maybe_recompile pc=0x0000000002491310 method=java.util.HashMap.putVal(ILjava/lang/Object;Ljava/lang/Object;ZZ)Ljava/lang/Object; @ 253
Event: 3.451 Thread 0x0000000019722800 Uncommon trap: reason=class_check action=maybe_recompile pc=0x0000000002536784 method=java.util.regex.Matcher.match(II)Z @ 86
Event: 3.465 Thread 0x0000000019722800 Uncommon trap: reason=class_check action=maybe_recompile pc=0x0000000002536784 method=java.util.regex.Matcher.match(II)Z @ 86
Event: 3.465 Thread 0x0000000019722800 Uncommon trap: reason=class_check action=maybe_recompile pc=0x0000000002536784 method=java.util.regex.Matcher.match(II)Z @ 86
Event: 3.466 Thread 0x0000000019722800 Uncommon trap: reason=class_check action=maybe_recompile pc=0x00000000023bb8cc method=java.util.regex.Matcher.match(II)Z @ 86

Classes redefined (0 events):
No events

Internal exceptions (10 events):
Event: 3.155 Thread 0x000000001965f800 Exception <a 'java/lang/NoSuchMethodError': <clinit>> (0x00000000e17e5768) thrown at [D:\src\AOSP-openjdk-cygwin\jdk8u\hotspot\src\share\vm\prims\jni.cpp, line 1614]
Event: 3.157 Thread 0x000000001965f800 Exception <a 'java/lang/NoSuchMethodError': <clinit>> (0x00000000e17fd720) thrown at [D:\src\AOSP-openjdk-cygwin\jdk8u\hotspot\src\share\vm\prims\jni.cpp, line 1614]
Event: 3.157 Thread 0x000000001965f800 Exception <a 'java/lang/NoSuchMethodError': <clinit>> (0x00000000e18063b0) thrown at [D:\src\AOSP-openjdk-cygwin\jdk8u\hotspot\src\share\vm\prims\jni.cpp, line 1614]
Event: 3.159 Thread 0x000000001965f800 Exception <a 'java/lang/NoSuchMethodError': <clinit>> (0x00000000e181c950) thrown at [D:\src\AOSP-openjdk-cygwin\jdk8u\hotspot\src\share\vm\prims\jni.cpp, line 1614]
Event: 3.171 Thread 0x000000001965f800 Exception <a 'java/lang/NoSuchMethodError': <clinit>> (0x00000000e1885bc8) thrown at [D:\src\AOSP-openjdk-cygwin\jdk8u\hotspot\src\share\vm\prims\jni.cpp, line 1614]
Event: 3.174 Thread 0x000000001965f800 Exception <a 'java/lang/NoSuchMethodError': <clinit>> (0x00000000e18b2690) thrown at [D:\src\AOSP-openjdk-cygwin\jdk8u\hotspot\src\share\vm\prims\jni.cpp, line 1614]
Event: 3.177 Thread 0x000000001965f800 Exception <a 'java/lang/NoSuchMethodError': <clinit>> (0x00000000e18d0008) thrown at [D:\src\AOSP-openjdk-cygwin\jdk8u\hotspot\src\share\vm\prims\jni.cpp, line 1614]
Event: 3.720 Thread 0x0000000019722800 Exception <a 'java/lang/NoSuchMethodError': java.lang.Object.lambda$and$0(Ljava/util/function/Predicate;Ljava/lang/Object;)Z> (0x00000000e0634430) thrown at [D:\src\AOSP-openjdk-cygwin\jdk8u\hotspot\src\share\vm\interpreter\linkResolver.cpp, line 620]
Event: 3.728 Thread 0x0000000019722800 Exception <a 'java/lang/IncompatibleClassChangeError': Found class java.lang.Object, but interface was expected> (0x00000000e064a720) thrown at [D:\src\AOSP-openjdk-cygwin\jdk8u\hotspot\src\share\vm\interpreter\linkResolver.cpp, line 653]
Event: 3.731 Thread 0x0000000019722800 Exception <a 'java/lang/NoSuchMethodError': java.lang.Object.lambda$or$2(Ljava/util/function/Predicate;Ljava/lang/Object;)Z> (0x00000000e064f630) thrown at [D:\src\AOSP-openjdk-cygwin\jdk8u\hotspot\src\share\vm\interpreter\linkResolver.cpp, line 620]

Events (10 events):
Event: 3.747 loading class org/gradle/internal/typeconversion/TypeConversionException
Event: 3.747 loading class org/gradle/internal/typeconversion/TypeConversionException done
Event: 3.747 loading class org/gradle/internal/typeconversion/ErrorHandlingNotationParser
Event: 3.747 loading class org/gradle/internal/typeconversion/ErrorHandlingNotationParser done
Event: 3.748 loading class org/gradle/internal/exceptions/DiagnosticsVisitor
Event: 3.748 loading class org/gradle/internal/exceptions/DiagnosticsVisitor done
Event: 3.748 loading class org/gradle/api/internal/file/DefaultFileCollectionFactory
Event: 3.748 loading class org/gradle/api/internal/file/DefaultFileCollectionFactory done
Event: 3.748 loading class org/gradle/api/internal/initialization/loadercache/DefaultClasspathHasher
Event: 3.748 loading class org/gradle/api/internal/initialization/loadercache/DefaultClasspathHasher done


Dynamic libraries:
0x00007ff7da1a0000 - 0x00007ff7da1d1000 	C:\Program Files\Android\Android Studio1\jre\bin\java.exe
0x00007fffddea0000 - 0x00007fffde090000 	C:\WINDOWS\SYSTEM32\ntdll.dll
0x00007fffdc010000 - 0x00007fffdc0c2000 	C:\WINDOWS\System32\KERNEL32.DLL
0x00007fffdb050000 - 0x00007fffdb2f3000 	C:\WINDOWS\System32\KERNELBASE.dll
0x00007fffdddb0000 - 0x00007fffdde53000 	C:\WINDOWS\System32\ADVAPI32.dll
0x00007fffdc7c0000 - 0x00007fffdc85e000 	C:\WINDOWS\System32\msvcrt.dll
0x00007fffdc1c0000 - 0x00007fffdc257000 	C:\WINDOWS\System32\sechost.dll
0x00007fffdd080000 - 0x00007fffdd1a0000 	C:\WINDOWS\System32\RPCRT4.dll
0x00007fffddae0000 - 0x00007fffddc74000 	C:\WINDOWS\System32\USER32.dll
0x00007fffdb350000 - 0x00007fffdb371000 	C:\WINDOWS\System32\win32u.dll
0x00007fffdd630000 - 0x00007fffdd656000 	C:\WINDOWS\System32\GDI32.dll
0x00007fffdae30000 - 0x00007fffdafc4000 	C:\WINDOWS\System32\gdi32full.dll
0x00007fffdb630000 - 0x00007fffdb6ce000 	C:\WINDOWS\System32\msvcp_win.dll
0x00007fffdbe50000 - 0x00007fffdbf4a000 	C:\WINDOWS\System32\ucrtbase.dll
0x00007fffcc720000 - 0x00007fffcc9a5000 	C:\WINDOWS\WinSxS\amd64_microsoft.windows.common-controls_6595b64144ccf1df_6.0.18362.778_none_e6c6b761130d4fb8\COMCTL32.dll
0x00007fffdd660000 - 0x00007fffdd996000 	C:\WINDOWS\System32\combase.dll
0x00007fffdafd0000 - 0x00007fffdb050000 	C:\WINDOWS\System32\bcryptPrimitives.dll
0x00007fffdc860000 - 0x00007fffdc88e000 	C:\WINDOWS\System32\IMM32.DLL
0x0000000066130000 - 0x0000000066202000 	C:\Program Files\Android\Android Studio1\jre\jre\bin\msvcr100.dll
0x00000000658a0000 - 0x00000000660e6000 	C:\Program Files\Android\Android Studio1\jre\jre\bin\server\jvm.dll
0x00007fffdd1b0000 - 0x00007fffdd1b8000 	C:\WINDOWS\System32\PSAPI.DLL
0x00007fffc8f30000 - 0x00007fffc8f39000 	C:\WINDOWS\SYSTEM32\WSOCK32.dll
0x00007fffd89e0000 - 0x00007fffd8a04000 	C:\WINDOWS\SYSTEM32\WINMM.dll
0x00007fffdc6f0000 - 0x00007fffdc75f000 	C:\WINDOWS\System32\WS2_32.dll
0x00007fffd3ec0000 - 0x00007fffd3eca000 	C:\WINDOWS\SYSTEM32\VERSION.dll
0x00007fffd8990000 - 0x00007fffd89bd000 	C:\WINDOWS\SYSTEM32\WINMMBASE.dll
0x00007fffdb300000 - 0x00007fffdb34a000 	C:\WINDOWS\System32\cfgmgr32.dll
0x00007fffd8b70000 - 0x00007fffd8b7f000 	C:\Program Files\Android\Android Studio1\jre\jre\bin\verify.dll
0x00007fffd7110000 - 0x00007fffd7139000 	C:\Program Files\Android\Android Studio1\jre\jre\bin\java.dll
0x00007fffd8ad0000 - 0x00007fffd8ae6000 	C:\Program Files\Android\Android Studio1\jre\jre\bin\zip.dll
0x00007fffdc8a0000 - 0x00007fffdcf85000 	C:\WINDOWS\System32\SHELL32.dll
0x00007fffddd00000 - 0x00007fffddda9000 	C:\WINDOWS\System32\shcore.dll
0x00007fffdb6d0000 - 0x00007fffdbe50000 	C:\WINDOWS\System32\windows.storage.dll
0x00007fffdae00000 - 0x00007fffdae23000 	C:\WINDOWS\System32\profapi.dll
0x00007fffdad90000 - 0x00007fffdadda000 	C:\WINDOWS\System32\powrprof.dll
0x00007fffdad60000 - 0x00007fffdad70000 	C:\WINDOWS\System32\UMPDC.dll
0x00007fffdbf50000 - 0x00007fffdbfa2000 	C:\WINDOWS\System32\shlwapi.dll
0x00007fffdade0000 - 0x00007fffdadf1000 	C:\WINDOWS\System32\kernel.appcore.dll
0x00007fffdb380000 - 0x00007fffdb397000 	C:\WINDOWS\System32\cryptsp.dll
0x00007fffd6e70000 - 0x00007fffd6e8a000 	C:\Program Files\Android\Android Studio1\jre\jre\bin\net.dll
0x00007fffc77e0000 - 0x00007fffc79b5000 	C:\WINDOWS\SYSTEM32\urlmon.dll
0x00007fffc7360000 - 0x00007fffc7606000 	C:\WINDOWS\SYSTEM32\iertutil.dll
0x00007fffda740000 - 0x00007fffda74c000 	C:\WINDOWS\SYSTEM32\CRYPTBASE.DLL
0x00007fffda570000 - 0x00007fffda5d7000 	C:\WINDOWS\system32\mswsock.dll
0x00007fffd6de0000 - 0x00007fffd6df3000 	C:\Program Files\Android\Android Studio1\jre\jre\bin\nio.dll
0x00007fffd3aa0000 - 0x00007fffd3ac6000 	C:\Users\DELL\.gradle\native\30\windows-amd64\native-platform.dll
0x00007fffd6e60000 - 0x00007fffd6e6d000 	C:\Program Files\Android\Android Studio1\jre\jre\bin\management.dll
0x00007fffda0e0000 - 0x00007fffda113000 	C:\WINDOWS\system32\rsaenh.dll
0x00007fffdb550000 - 0x00007fffdb576000 	C:\WINDOWS\System32\bcrypt.dll
0x00007fffdac50000 - 0x00007fffdac75000 	C:\WINDOWS\SYSTEM32\USERENV.dll
0x00007fffda280000 - 0x00007fffda2ba000 	C:\WINDOWS\SYSTEM32\IPHLPAPI.DLL
0x00007fffdd1a0000 - 0x00007fffdd1a8000 	C:\WINDOWS\System32\NSI.dll
0x00007fffcdda0000 - 0x00007fffcddb6000 	C:\WINDOWS\SYSTEM32\dhcpcsvc6.DLL
0x00007fffce280000 - 0x00007fffce29c000 	C:\WINDOWS\SYSTEM32\dhcpcsvc.DLL
0x00007fffda2c0000 - 0x00007fffda38a000 	C:\WINDOWS\SYSTEM32\DNSAPI.dll

VM Arguments:
jvm_args: -Xmx1536m -Dfile.encoding=windows-1252 -Duser.country=IN -Duser.language=en -Duser.variant 
java_command: org.gradle.launcher.daemon.bootstrap.GradleDaemon 5.6.4
java_class_path (initial): C:\Users\DELL\.gradle\wrapper\dists\gradle-5.6.4-all\ankdp27end7byghfw1q2sw75f\gradle-5.6.4\lib\gradle-launcher-5.6.4.jar
Launcher Type: SUN_STANDARD

Environment Variables:
JAVA_HOME=C:\Program Files\Java\jdk-13.0.2
PATH=C:\WINDOWS\system32;C:\WINDOWS;C:\WINDOWS\System32\Wbem;C:\WINDOWS\System32\WindowsPowerShell\v1.0\;C:\WINDOWS\System32\OpenSSH\;C:\Program Files\Java\jdk-13.0.2\bin;C:\Program Files\Git\cmd;C:\Users\DELL\AppData\Local\Microsoft\WindowsApps;C:\Users\DELL\AppData\Local\GitHubDesktop\bin
USERNAME=DELL
OS=Windows_NT
PROCESSOR_IDENTIFIER=Intel64 Family 6 Model 142 Stepping 9, GenuineIntel



---------------  S Y S T E M  ---------------

OS: Windows 10.0 , 64 bit Build 18362 (10.0.18362.778)

CPU:total 4 (initial active 4) (2 cores per cpu, 2 threads per core) family 6 model 142 stepping 9, cmov, cx8, fxsr, mmx, sse, sse2, sse3, ssse3, sse4.1, sse4.2, popcnt, avx, avx2, aes, clmul, erms, 3dnowpref, lzcnt, ht, tsc, tscinvbit, bmi1, bmi2, adx

Memory: 4k page, physical 8284632k(1055804k free), swap 33450456k(5596k free)

vm_info: OpenJDK 64-Bit Server VM (25.212-b04) for windows-amd64 JRE (1.8.0_212-release-1586-b04), built by "builder" with MS VC++ 10.0 (VS2010)

time: Thu Apr 23 02:02:39 2020
timezone: India Standard Time
elapsed time: 3 seconds (0d 0h 0m 3s)

