#
# There is insufficient memory for the Java Runtime Environment to continue.
# Native memory allocation (malloc) failed to allocate 32744 bytes for ChunkPool::allocate
# Possible reasons:
#   The system is out of physical RAM or swap space
#   The process is running with CompressedOops enabled, and the Java Heap may be blocking the growth of the native heap
# Possible solutions:
#   Reduce memory load on the system
#   Increase physical memory or swap space
#   Check if swap backing store is full
#   Decrease Java heap size (-Xmx/-Xms)
#   Decrease number of Java threads
#   Decrease Java thread stack sizes (-Xss)
#   Set larger code cache with -XX:ReservedCodeCacheSize=
#   JVM is running with Unscaled Compressed Oops mode in which the Java heap is
#     placed in the first 4GB address space. The Java Heap base address is the
#     maximum limit for the native heap growth. Please use -XX:HeapBaseMinAddress
#     to set the Java Heap base and to place the Java Heap above 4GB virtual address.
# This output file may be truncated or incomplete.
#
#  Out of Memory Error (allocation.cpp:272), pid=7520, tid=0x0000000000003190
#
# JRE version: OpenJDK Runtime Environment (8.0_212-b04) (build 1.8.0_212-release-1586-b04)
# Java VM: OpenJDK 64-Bit Server VM (25.212-b04 mixed mode windows-amd64 compressed oops)
# Failed to write core dump. Minidumps are not enabled by default on client versions of Windows
#

---------------  T H R E A D  ---------------

Current thread (0x00000000164e8000):  JavaThread "C2 CompilerThread0" daemon [_thread_in_native, id=12688, stack(0x0000000017b40000,0x0000000017c40000)]

Stack: [0x0000000017b40000,0x0000000017c40000]
[error occurred during error reporting (printing stack bounds), id 0xc0000005]

Native frames: (J=compiled Java code, j=interpreted, Vv=VM code, C=native code)


Current CompileTask:
C2:   2213 1415       4       java.net.URLClassLoader$1::run (5 bytes)


---------------  P R O C E S S  ---------------

Java Threads: ( => current thread )
  0x0000000019a6a000 JavaThread "Cache worker for journal cache (C:\Users\DELL\.gradle\caches\journal-1)" [_thread_blocked, id=9912, stack(0x000000001c260000,0x000000001c360000)]
  0x0000000019a65000 JavaThread "File lock request listener" [_thread_in_native, id=11572, stack(0x000000001c160000,0x000000001c260000)]
  0x000000001a09f800 JavaThread "Cache worker for file hash cache (C:\Users\DELL\.gradle\caches\5.6.4\fileHashes)" [_thread_blocked, id=7840, stack(0x000000001c060000,0x000000001c160000)]
  0x0000000019f43000 JavaThread "Thread-9" [_thread_blocked, id=5868, stack(0x000000001bd60000,0x000000001be60000)]
  0x0000000019f3c800 JavaThread "Stdin handler" [_thread_blocked, id=7296, stack(0x000000001bc60000,0x000000001bd60000)]
  0x0000000019fea000 JavaThread "Asynchronous log dispatcher for DefaultDaemonConnection: socket connection from /127.0.0.1:52275 to /127.0.0.1:52276" [_thread_blocked, id=8312, stack(0x000000001bb60000,0x000000001bc60000)]
  0x0000000019fe7000 JavaThread "Daemon worker" [_thread_in_vm, id=8184, stack(0x000000001ba60000,0x000000001bb60000)]
  0x0000000019f4f000 JavaThread "Cancel handler" [_thread_blocked, id=5060, stack(0x000000001b960000,0x000000001ba60000)]
  0x0000000019fb1000 JavaThread "Handler for socket connection from /127.0.0.1:52275 to /127.0.0.1:52276" [_thread_in_native, id=14252, stack(0x000000001b660000,0x000000001b760000)]
  0x0000000019f2d800 JavaThread "Daemon" [_thread_blocked, id=11492, stack(0x000000001b560000,0x000000001b660000)]
  0x0000000019fab800 JavaThread "Daemon periodic checks" [_thread_blocked, id=13772, stack(0x000000001b460000,0x000000001b560000)]
  0x0000000019f66800 JavaThread "Incoming local TCP Connector on port 52275" [_thread_in_native, id=5036, stack(0x000000001b220000,0x000000001b320000)]
  0x0000000019e70800 JavaThread "Daemon health stats" [_thread_blocked, id=13528, stack(0x000000001abe0000,0x000000001ace0000)]
  0x0000000017e68800 JavaThread "Service Thread" daemon [_thread_blocked, id=9160, stack(0x0000000018240000,0x0000000018340000)]
  0x00000000164de800 JavaThread "C1 CompilerThread2" daemon [_thread_blocked, id=9792, stack(0x0000000017d40000,0x0000000017e40000)]
  0x00000000164db800 JavaThread "C2 CompilerThread1" daemon [_thread_in_native, id=4284, stack(0x0000000017c40000,0x0000000017d40000)]
=>0x00000000164e8000 JavaThread "C2 CompilerThread0" daemon [_thread_in_native, id=12688, stack(0x0000000017b40000,0x0000000017c40000)]
  0x00000000164e7000 JavaThread "Attach Listener" daemon [_thread_blocked, id=13856, stack(0x0000000017a40000,0x0000000017b40000)]
  0x00000000164e5800 JavaThread "Signal Dispatcher" daemon [_thread_blocked, id=12912, stack(0x0000000017940000,0x0000000017a40000)]
  0x0000000002b0e000 JavaThread "Finalizer" daemon [_thread_blocked, id=6876, stack(0x0000000017740000,0x0000000017840000)]
  0x0000000002b03000 JavaThread "Reference Handler" daemon [_thread_blocked, id=1808, stack(0x0000000017640000,0x0000000017740000)]
  0x0000000002b6d800 JavaThread "main" [_thread_blocked, id=5896, stack(0x00000000028b0000,0x00000000029b0000)]

Other Threads:
  0x00000000164a6000 VMThread [stack: 0x0000000017540000,0x0000000017640000] [id=12820]
  0x000000001653d800 WatcherThread [stack: 0x0000000018340000,0x0000000018440000] [id=14028]

VM state:not at safepoint (normal execution)

VM Mutex/Monitor currently owned by a thread: None

heap address: 0x00000000a0000000, size: 1536 MB, Compressed Oops mode: 32-bit
Narrow klass base: 0x0000000000000000, Narrow klass shift: 3
Compressed class space size: 1073741824 Address: 0x0000000100000000

Heap:
 PSYoungGen      total 38400K, used 27691K [0x00000000e0000000, 0x00000000e4b00000, 0x0000000100000000)
  eden space 33280K, 67% used [0x00000000e0000000,0x00000000e1612c50,0x00000000e2080000)
  from space 5120K, 99% used [0x00000000e2580000,0x00000000e2a78020,0x00000000e2a80000)
  to   space 5120K, 0% used [0x00000000e2080000,0x00000000e2080000,0x00000000e2580000)
 ParOldGen       total 87552K, used 3878K [0x00000000a0000000, 0x00000000a5580000, 0x00000000e0000000)
  object space 87552K, 4% used [0x00000000a0000000,0x00000000a03c9bb0,0x00000000a5580000)
 Metaspace       used 16874K, capacity 17350K, committed 17536K, reserved 1064960K
  class space    used 2401K, capacity 2595K, committed 2688K, reserved 1048576K

Card table byte_map: [0x0000000011f30000,0x0000000012240000] byte_map_base: 0x0000000011a30000

Marking Bits: (ParMarkBitMap*) 0x0000000066069f30
 Begin Bits: [0x0000000012840000, 0x0000000014040000)
 End Bits:   [0x0000000014040000, 0x0000000015840000)

Polling page: 0x0000000000c10000

CodeCache: size=245760Kb used=5430Kb max_used=5430Kb free=240329Kb
 bounds [0x0000000002b70000, 0x00000000030c0000, 0x0000000011b70000]
 total_blobs=1959 nmethods=1558 adapters=314
 compilation: enabled

Compilation events (10 events):
Event: 2.150 Thread 0x00000000164de800 1562       3       sun.misc.ProxyGenerator::access$900 (5 bytes)
Event: 2.150 Thread 0x00000000164de800 nmethod 1562 0x00000000030bca10 code [0x00000000030bcb80, 0x00000000030bcde8]
Event: 2.150 Thread 0x00000000164de800 1563       3       java.lang.reflect.Constructor::setConstructorAccessor (21 bytes)
Event: 2.151 Thread 0x00000000164de800 nmethod 1563 0x00000000030bced0 code [0x00000000030bd040, 0x00000000030bd3e8]
Event: 2.151 Thread 0x00000000164de800 1564       3       com.google.common.base.Preconditions::checkPositionIndex (8 bytes)
Event: 2.151 Thread 0x00000000164de800 nmethod 1564 0x00000000030bd510 code [0x00000000030bd6a0, 0x00000000030bd998]
Event: 2.151 Thread 0x00000000164de800 1565       3       com.google.common.base.Preconditions::checkPositionIndex (25 bytes)
Event: 2.151 Thread 0x00000000164de800 nmethod 1565 0x00000000030bdb10 code [0x00000000030bdc80, 0x00000000030bdf18]
Event: 2.183 Thread 0x00000000164de800 1566       3       org.objectweb.asm.SymbolTable::get (13 bytes)
Event: 2.184 Thread 0x00000000164de800 nmethod 1566 0x00000000030bf1d0 code [0x00000000030bf320, 0x00000000030bf4b0]

GC Heap History (8 events):
Event: 0.633 GC heap before
{Heap before GC invocations=1 (full 0):
 PSYoungGen      total 38400K, used 33280K [0x00000000e0000000, 0x00000000e2a80000, 0x0000000100000000)
  eden space 33280K, 100% used [0x00000000e0000000,0x00000000e2080000,0x00000000e2080000)
  from space 5120K, 0% used [0x00000000e2580000,0x00000000e2580000,0x00000000e2a80000)
  to   space 5120K, 0% used [0x00000000e2080000,0x00000000e2080000,0x00000000e2580000)
 ParOldGen       total 87552K, used 0K [0x00000000a0000000, 0x00000000a5580000, 0x00000000e0000000)
  object space 87552K, 0% used [0x00000000a0000000,0x00000000a0000000,0x00000000a5580000)
 Metaspace       used 7017K, capacity 7272K, committed 7424K, reserved 1056768K
  class space    used 857K, capacity 940K, committed 1024K, reserved 1048576K
Event: 0.640 GC heap after
Heap after GC invocations=1 (full 0):
 PSYoungGen      total 38400K, used 4344K [0x00000000e0000000, 0x00000000e2a80000, 0x0000000100000000)
  eden space 33280K, 0% used [0x00000000e0000000,0x00000000e0000000,0x00000000e2080000)
  from space 5120K, 84% used [0x00000000e2080000,0x00000000e24be220,0x00000000e2580000)
  to   space 5120K, 0% used [0x00000000e2580000,0x00000000e2580000,0x00000000e2a80000)
 ParOldGen       total 87552K, used 8K [0x00000000a0000000, 0x00000000a5580000, 0x00000000e0000000)
  object space 87552K, 0% used [0x00000000a0000000,0x00000000a0002000,0x00000000a5580000)
 Metaspace       used 7017K, capacity 7272K, committed 7424K, reserved 1056768K
  class space    used 857K, capacity 940K, committed 1024K, reserved 1048576K
}
Event: 0.989 GC heap before
{Heap before GC invocations=2 (full 0):
 PSYoungGen      total 38400K, used 37624K [0x00000000e0000000, 0x00000000e2a80000, 0x0000000100000000)
  eden space 33280K, 100% used [0x00000000e0000000,0x00000000e2080000,0x00000000e2080000)
  from space 5120K, 84% used [0x00000000e2080000,0x00000000e24be220,0x00000000e2580000)
  to   space 5120K, 0% used [0x00000000e2580000,0x00000000e2580000,0x00000000e2a80000)
 ParOldGen       total 87552K, used 8K [0x00000000a0000000, 0x00000000a5580000, 0x00000000e0000000)
  object space 87552K, 0% used [0x00000000a0000000,0x00000000a0002000,0x00000000a5580000)
 Metaspace       used 7368K, capacity 7586K, committed 7680K, reserved 1056768K
  class space    used 912K, capacity 981K, committed 1024K, reserved 1048576K
Event: 0.994 GC heap after
Heap after GC invocations=2 (full 0):
 PSYoungGen      total 38400K, used 3457K [0x00000000e0000000, 0x00000000e4b00000, 0x0000000100000000)
  eden space 33280K, 0% used [0x00000000e0000000,0x00000000e0000000,0x00000000e2080000)
  from space 5120K, 67% used [0x00000000e2580000,0x00000000e28e04f0,0x00000000e2a80000)
  to   space 5120K, 0% used [0x00000000e2080000,0x00000000e2080000,0x00000000e2580000)
 ParOldGen       total 87552K, used 16K [0x00000000a0000000, 0x00000000a5580000, 0x00000000e0000000)
  object space 87552K, 0% used [0x00000000a0000000,0x00000000a0004000,0x00000000a5580000)
 Metaspace       used 7368K, capacity 7586K, committed 7680K, reserved 1056768K
  class space    used 912K, capacity 981K, committed 1024K, reserved 1048576K
}
Event: 1.745 GC heap before
{Heap before GC invocations=3 (full 0):
 PSYoungGen      total 38400K, used 36737K [0x00000000e0000000, 0x00000000e4b00000, 0x0000000100000000)
  eden space 33280K, 100% used [0x00000000e0000000,0x00000000e2080000,0x00000000e2080000)
  from space 5120K, 67% used [0x00000000e2580000,0x00000000e28e04f0,0x00000000e2a80000)
  to   space 5120K, 0% used [0x00000000e2080000,0x00000000e2080000,0x00000000e2580000)
 ParOldGen       total 87552K, used 16K [0x00000000a0000000, 0x00000000a5580000, 0x00000000e0000000)
  object space 87552K, 0% used [0x00000000a0000000,0x00000000a0004000,0x00000000a5580000)
 Metaspace       used 12431K, capacity 12818K, committed 13184K, reserved 1060864K
  class space    used 1676K, capacity 1803K, committed 1920K, reserved 1048576K
Event: 1.752 GC heap after
Heap after GC invocations=3 (full 0):
 PSYoungGen      total 38400K, used 5088K [0x00000000e0000000, 0x00000000e2a80000, 0x0000000100000000)
  eden space 33280K, 0% used [0x00000000e0000000,0x00000000e0000000,0x00000000e2080000)
  from space 5120K, 99% used [0x00000000e2080000,0x00000000e2578020,0x00000000e2580000)
  to   space 5120K, 0% used [0x00000000e2580000,0x00000000e2580000,0x00000000e2a80000)
 ParOldGen       total 87552K, used 1509K [0x00000000a0000000, 0x00000000a5580000, 0x00000000e0000000)
  object space 87552K, 1% used [0x00000000a0000000,0x00000000a0179628,0x00000000a5580000)
 Metaspace       used 12431K, capacity 12818K, committed 13184K, reserved 1060864K
  class space    used 1676K, capacity 1803K, committed 1920K, reserved 1048576K
}
Event: 1.984 GC heap before
{Heap before GC invocations=4 (full 0):
 PSYoungGen      total 38400K, used 38368K [0x00000000e0000000, 0x00000000e2a80000, 0x0000000100000000)
  eden space 33280K, 100% used [0x00000000e0000000,0x00000000e2080000,0x00000000e2080000)
  from space 5120K, 99% used [0x00000000e2080000,0x00000000e2578020,0x00000000e2580000)
  to   space 5120K, 0% used [0x00000000e2580000,0x00000000e2580000,0x00000000e2a80000)
 ParOldGen       total 87552K, used 1509K [0x00000000a0000000, 0x00000000a5580000, 0x00000000e0000000)
  object space 87552K, 1% used [0x00000000a0000000,0x00000000a0179628,0x00000000a5580000)
 Metaspace       used 14709K, capacity 15100K, committed 15232K, reserved 1062912K
  class space    used 2059K, capacity 2160K, committed 2176K, reserved 1048576K
Event: 1.990 GC heap after
Heap after GC invocations=4 (full 0):
 PSYoungGen      total 38400K, used 5088K [0x00000000e0000000, 0x00000000e4b00000, 0x0000000100000000)
  eden space 33280K, 0% used [0x00000000e0000000,0x00000000e0000000,0x00000000e2080000)
  from space 5120K, 99% used [0x00000000e2580000,0x00000000e2a78020,0x00000000e2a80000)
  to   space 5120K, 0% used [0x00000000e2080000,0x00000000e2080000,0x00000000e2580000)
 ParOldGen       total 87552K, used 3878K [0x00000000a0000000, 0x00000000a5580000, 0x00000000e0000000)
  object space 87552K, 4% used [0x00000000a0000000,0x00000000a03c9bb0,0x00000000a5580000)
 Metaspace       used 14709K, capacity 15100K, committed 15232K, reserved 1062912K
  class space    used 2059K, capacity 2160K, committed 2176K, reserved 1048576K
}

Deoptimization events (10 events):
Event: 1.693 Thread 0x0000000019fe7000 Uncommon trap: reason=bimorphic action=maybe_recompile pc=0x0000000002daff50 method=java.util.HashMap.putVal(ILjava/lang/Object;Ljava/lang/Object;ZZ)Ljava/lang/Object; @ 253
Event: 1.693 Thread 0x0000000019fe7000 Uncommon trap: reason=bimorphic action=maybe_recompile pc=0x0000000002daff50 method=java.util.HashMap.putVal(ILjava/lang/Object;Ljava/lang/Object;ZZ)Ljava/lang/Object; @ 253
Event: 1.693 Thread 0x0000000019fe7000 Uncommon trap: reason=bimorphic action=maybe_recompile pc=0x0000000002daff50 method=java.util.HashMap.putVal(ILjava/lang/Object;Ljava/lang/Object;ZZ)Ljava/lang/Object; @ 253
Event: 1.693 Thread 0x0000000019fe7000 Uncommon trap: reason=bimorphic action=maybe_recompile pc=0x0000000002db240c method=java.util.HashMap.putVal(ILjava/lang/Object;Ljava/lang/Object;ZZ)Ljava/lang/Object; @ 253
Event: 1.857 Thread 0x0000000019fe7000 Uncommon trap: reason=class_check action=maybe_recompile pc=0x0000000002e4d7d8 method=java.util.regex.Matcher.match(II)Z @ 86
Event: 1.865 Thread 0x0000000019fe7000 Uncommon trap: reason=class_check action=maybe_recompile pc=0x0000000002e4d7d8 method=java.util.regex.Matcher.match(II)Z @ 86
Event: 1.865 Thread 0x0000000019fe7000 Uncommon trap: reason=class_check action=maybe_recompile pc=0x0000000002e4d7d8 method=java.util.regex.Matcher.match(II)Z @ 86
Event: 1.865 Thread 0x0000000019fe7000 Uncommon trap: reason=class_check action=maybe_recompile pc=0x0000000002ce4f0c method=java.util.regex.Matcher.match(II)Z @ 86
Event: 2.066 Thread 0x0000000019fe7000 Uncommon trap: reason=unstable_if action=reinterpret pc=0x00000000030035b4 method=java.lang.String.lastIndexOf([CII[CIII)I @ 66
Event: 2.144 Thread 0x0000000019fe7000 Uncommon trap: reason=unstable_if action=reinterpret pc=0x0000000003002c34 method=java.util.HashMap.putVal(ILjava/lang/Object;Ljava/lang/Object;ZZ)Ljava/lang/Object; @ 236

Classes redefined (0 events):
No events

Internal exceptions (10 events):
Event: 1.654 Thread 0x0000000019fb1000 Exception <a 'java/lang/NoSuchMethodError': <clinit>> (0x00000000e17e5388) thrown at [D:\src\AOSP-openjdk-cygwin\jdk8u\hotspot\src\share\vm\prims\jni.cpp, line 1614]
Event: 1.656 Thread 0x0000000019fb1000 Exception <a 'java/lang/NoSuchMethodError': <clinit>> (0x00000000e17fd340) thrown at [D:\src\AOSP-openjdk-cygwin\jdk8u\hotspot\src\share\vm\prims\jni.cpp, line 1614]
Event: 1.656 Thread 0x0000000019fb1000 Exception <a 'java/lang/NoSuchMethodError': <clinit>> (0x00000000e1805fd0) thrown at [D:\src\AOSP-openjdk-cygwin\jdk8u\hotspot\src\share\vm\prims\jni.cpp, line 1614]
Event: 1.658 Thread 0x0000000019fb1000 Exception <a 'java/lang/NoSuchMethodError': <clinit>> (0x00000000e181c570) thrown at [D:\src\AOSP-openjdk-cygwin\jdk8u\hotspot\src\share\vm\prims\jni.cpp, line 1614]
Event: 1.665 Thread 0x0000000019fb1000 Exception <a 'java/lang/NoSuchMethodError': <clinit>> (0x00000000e18857e8) thrown at [D:\src\AOSP-openjdk-cygwin\jdk8u\hotspot\src\share\vm\prims\jni.cpp, line 1614]
Event: 1.668 Thread 0x0000000019fb1000 Exception <a 'java/lang/NoSuchMethodError': <clinit>> (0x00000000e18b22b0) thrown at [D:\src\AOSP-openjdk-cygwin\jdk8u\hotspot\src\share\vm\prims\jni.cpp, line 1614]
Event: 1.671 Thread 0x0000000019fb1000 Exception <a 'java/lang/NoSuchMethodError': <clinit>> (0x00000000e18cfc28) thrown at [D:\src\AOSP-openjdk-cygwin\jdk8u\hotspot\src\share\vm\prims\jni.cpp, line 1614]
Event: 2.046 Thread 0x0000000019fe7000 Exception <a 'java/lang/NoSuchMethodError': java.lang.Object.lambda$and$0(Ljava/util/function/Predicate;Ljava/lang/Object;)Z> (0x00000000e060e868) thrown at [D:\src\AOSP-openjdk-cygwin\jdk8u\hotspot\src\share\vm\interpreter\linkResolver.cpp, line 620]
Event: 2.051 Thread 0x0000000019fe7000 Exception <a 'java/lang/IncompatibleClassChangeError': Found class java.lang.Object, but interface was expected> (0x00000000e0624b58) thrown at [D:\src\AOSP-openjdk-cygwin\jdk8u\hotspot\src\share\vm\interpreter\linkResolver.cpp, line 653]
Event: 2.052 Thread 0x0000000019fe7000 Exception <a 'java/lang/NoSuchMethodError': java.lang.Object.lambda$or$2(Ljava/util/function/Predicate;Ljava/lang/Object;)Z> (0x00000000e0629a68) thrown at [D:\src\AOSP-openjdk-cygwin\jdk8u\hotspot\src\share\vm\interpreter\linkResolver.cpp, line 620]

Events (10 events):
Event: 2.211 loading class org/gradle/internal/resource/transport/http/HttpTimeoutSettings
Event: 2.211 loading class org/gradle/internal/resource/transport/http/HttpTimeoutSettings done
Event: 2.211 loading class org/gradle/internal/resource/transport/http/DefaultHttpSettings$1
Event: 2.211 loading class org/gradle/internal/resource/transport/http/DefaultHttpSettings$1 done
Event: 2.211 loading class org/gradle/internal/resource/transport/http/DefaultHttpSettings$2
Event: 2.211 loading class org/gradle/internal/resource/transport/http/DefaultHttpSettings$2 done
Event: 2.212 loading class org/gradle/internal/resource/transport/http/DefaultHttpSettings$2$1
Event: 2.212 loading class org/gradle/internal/resource/transport/http/DefaultHttpSettings$2$1 done
Event: 2.212 loading class com/google/common/base/Suppliers$NonSerializableMemoizingSupplier
Event: 2.212 loading class com/google/common/base/Suppliers$NonSerializableMemoizingSupplier done


Dynamic libraries:
0x00007ff7da1a0000 - 0x00007ff7da1d1000 	C:\Program Files\Android\Android Studio1\jre\bin\java.exe
0x00007fffddea0000 - 0x00007fffde090000 	C:\WINDOWS\SYSTEM32\ntdll.dll
0x00007fffdc010000 - 0x00007fffdc0c2000 	C:\WINDOWS\System32\KERNEL32.DLL
0x00007fffdb050000 - 0x00007fffdb2f3000 	C:\WINDOWS\System32\KERNELBASE.dll
0x00007fffdddb0000 - 0x00007fffdde53000 	C:\WINDOWS\System32\ADVAPI32.dll
0x00007fffdc7c0000 - 0x00007fffdc85e000 	C:\WINDOWS\System32\msvcrt.dll
0x00007fffdc1c0000 - 0x00007fffdc257000 	C:\WINDOWS\System32\sechost.dll
0x00007fffdd080000 - 0x00007fffdd1a0000 	C:\WINDOWS\System32\RPCRT4.dll
0x00007fffddae0000 - 0x00007fffddc74000 	C:\WINDOWS\System32\USER32.dll
0x00007fffdb350000 - 0x00007fffdb371000 	C:\WINDOWS\System32\win32u.dll
0x00007fffdd630000 - 0x00007fffdd656000 	C:\WINDOWS\System32\GDI32.dll
0x00007fffdae30000 - 0x00007fffdafc4000 	C:\WINDOWS\System32\gdi32full.dll
0x00007fffdb630000 - 0x00007fffdb6ce000 	C:\WINDOWS\System32\msvcp_win.dll
0x00007fffdbe50000 - 0x00007fffdbf4a000 	C:\WINDOWS\System32\ucrtbase.dll
0x00007fffcc720000 - 0x00007fffcc9a5000 	C:\WINDOWS\WinSxS\amd64_microsoft.windows.common-controls_6595b64144ccf1df_6.0.18362.778_none_e6c6b761130d4fb8\COMCTL32.dll
0x00007fffdd660000 - 0x00007fffdd996000 	C:\WINDOWS\System32\combase.dll
0x00007fffdafd0000 - 0x00007fffdb050000 	C:\WINDOWS\System32\bcryptPrimitives.dll
0x00007fffdc860000 - 0x00007fffdc88e000 	C:\WINDOWS\System32\IMM32.DLL
0x0000000066130000 - 0x0000000066202000 	C:\Program Files\Android\Android Studio1\jre\jre\bin\msvcr100.dll
0x00000000658a0000 - 0x00000000660e6000 	C:\Program Files\Android\Android Studio1\jre\jre\bin\server\jvm.dll
0x00007fffdd1b0000 - 0x00007fffdd1b8000 	C:\WINDOWS\System32\PSAPI.DLL
0x00007fffd89e0000 - 0x00007fffd8a04000 	C:\WINDOWS\SYSTEM32\WINMM.dll
0x00007fffd3ec0000 - 0x00007fffd3eca000 	C:\WINDOWS\SYSTEM32\VERSION.dll
0x00007fffc8f30000 - 0x00007fffc8f39000 	C:\WINDOWS\SYSTEM32\WSOCK32.dll
0x00007fffdc6f0000 - 0x00007fffdc75f000 	C:\WINDOWS\System32\WS2_32.dll
0x00007fffd8990000 - 0x00007fffd89bd000 	C:\WINDOWS\SYSTEM32\winmmbase.dll
0x00007fffdb300000 - 0x00007fffdb34a000 	C:\WINDOWS\System32\cfgmgr32.dll
0x00007fffd8b70000 - 0x00007fffd8b7f000 	C:\Program Files\Android\Android Studio1\jre\jre\bin\verify.dll
0x00007fffd7110000 - 0x00007fffd7139000 	C:\Program Files\Android\Android Studio1\jre\jre\bin\java.dll
0x00007fffd8ad0000 - 0x00007fffd8ae6000 	C:\Program Files\Android\Android Studio1\jre\jre\bin\zip.dll
0x00007fffdc8a0000 - 0x00007fffdcf85000 	C:\WINDOWS\System32\SHELL32.dll
0x00007fffddd00000 - 0x00007fffddda9000 	C:\WINDOWS\System32\shcore.dll
0x00007fffdb6d0000 - 0x00007fffdbe50000 	C:\WINDOWS\System32\windows.storage.dll
0x00007fffdae00000 - 0x00007fffdae23000 	C:\WINDOWS\System32\profapi.dll
0x00007fffdad90000 - 0x00007fffdadda000 	C:\WINDOWS\System32\powrprof.dll
0x00007fffdad60000 - 0x00007fffdad70000 	C:\WINDOWS\System32\UMPDC.dll
0x00007fffdbf50000 - 0x00007fffdbfa2000 	C:\WINDOWS\System32\shlwapi.dll
0x00007fffdade0000 - 0x00007fffdadf1000 	C:\WINDOWS\System32\kernel.appcore.dll
0x00007fffdb380000 - 0x00007fffdb397000 	C:\WINDOWS\System32\cryptsp.dll
0x00007fffd6e70000 - 0x00007fffd6e8a000 	C:\Program Files\Android\Android Studio1\jre\jre\bin\net.dll
0x00007fffc77e0000 - 0x00007fffc79b5000 	C:\WINDOWS\SYSTEM32\urlmon.dll
0x00007fffc7360000 - 0x00007fffc7606000 	C:\WINDOWS\SYSTEM32\iertutil.dll
0x00007fffda740000 - 0x00007fffda74c000 	C:\WINDOWS\SYSTEM32\CRYPTBASE.DLL
0x00007fffda570000 - 0x00007fffda5d7000 	C:\WINDOWS\system32\mswsock.dll
0x00007fffd6de0000 - 0x00007fffd6df3000 	C:\Program Files\Android\Android Studio1\jre\jre\bin\nio.dll
0x00007fffd39a0000 - 0x00007fffd39c6000 	C:\Users\DELL\.gradle\native\30\windows-amd64\native-platform.dll
0x00007fffd6e60000 - 0x00007fffd6e6d000 	C:\Program Files\Android\Android Studio1\jre\jre\bin\management.dll
0x00007fffda0e0000 - 0x00007fffda113000 	C:\WINDOWS\system32\rsaenh.dll
0x00007fffdb550000 - 0x00007fffdb576000 	C:\WINDOWS\System32\bcrypt.dll
0x00007fffdac50000 - 0x00007fffdac75000 	C:\WINDOWS\SYSTEM32\USERENV.dll
0x00007fffda280000 - 0x00007fffda2ba000 	C:\WINDOWS\SYSTEM32\IPHLPAPI.DLL
0x00007fffdd1a0000 - 0x00007fffdd1a8000 	C:\WINDOWS\System32\NSI.dll
0x00007fffcdda0000 - 0x00007fffcddb6000 	C:\WINDOWS\SYSTEM32\dhcpcsvc6.DLL
0x00007fffce280000 - 0x00007fffce29c000 	C:\WINDOWS\SYSTEM32\dhcpcsvc.DLL
0x00007fffda2c0000 - 0x00007fffda38a000 	C:\WINDOWS\SYSTEM32\DNSAPI.dll

VM Arguments:
jvm_args: -Xmx1536m -Dfile.encoding=windows-1252 -Duser.country=IN -Duser.language=en -Duser.variant 
java_command: org.gradle.launcher.daemon.bootstrap.GradleDaemon 5.6.4
java_class_path (initial): C:\Users\DELL\.gradle\wrapper\dists\gradle-5.6.4-all\ankdp27end7byghfw1q2sw75f\gradle-5.6.4\lib\gradle-launcher-5.6.4.jar
Launcher Type: SUN_STANDARD

Environment Variables:
JAVA_HOME=C:\Program Files\Java\jdk-13.0.2
PATH=C:\WINDOWS\system32;C:\WINDOWS;C:\WINDOWS\System32\Wbem;C:\WINDOWS\System32\WindowsPowerShell\v1.0\;C:\WINDOWS\System32\OpenSSH\;C:\Program Files\Java\jdk-13.0.2\bin;C:\Program Files\Git\cmd;C:\Users\DELL\AppData\Local\Microsoft\WindowsApps;C:\Users\DELL\AppData\Local\GitHubDesktop\bin
USERNAME=DELL
OS=Windows_NT
PROCESSOR_IDENTIFIER=Intel64 Family 6 Model 142 Stepping 9, GenuineIntel



---------------  S Y S T E M  ---------------

OS: Windows 10.0 , 64 bit Build 18362 (10.0.18362.778)

CPU:total 4 (initial active 4) (2 cores per cpu, 2 threads per core) family 6 model 142 stepping 9, cmov, cx8, fxsr, mmx, sse, sse2, sse3, ssse3, sse4.1, sse4.2, popcnt, avx, avx2, aes, clmul, erms, 3dnowpref, lzcnt, ht, tsc, tscinvbit, bmi1, bmi2, adx

Memory: 4k page, physical 8284632k(1143864k free), swap 33450456k(5128k free)

vm_info: OpenJDK 64-Bit Server VM (25.212-b04) for windows-amd64 JRE (1.8.0_212-release-1586-b04), built by "builder" with MS VC++ 10.0 (VS2010)

time: Thu Apr 23 02:03:34 2020
timezone: India Standard Time
elapsed time: 2 seconds (0d 0h 0m 2s)

